Exporter version: 6.2.1, Blender version: 2.80 (sub 75)
========= Conversion from Blender to Babylon.js =========
	Scene settings used :
		inline textures     :  false
		Material Type       :  PBR
		Positions Precision :  4
		Normals Precision   :  3
		UVs Precision       :  3
		Vert Color Precision:  3
		Mat Weight Precision:  2
		texture directory   :  E:\Tài liệu học tập\Reactjs\test-babylonjs\public\textures\
	Python World class constructor completed
	processing begun of camera (UniversalCamera):  Camera
	processing begun of node:  Light.001
	processing begun of node:  Camera.001
	processing begun of node:  Light.002
	processing begun of node:  Camera.002
	processing begun of node:  BezierCurve
	processing begun of mesh:  Bep
		processing begun of material:  Material.003
		processing begun of material:  Material.001
		processing begun of material:  Material.002
		processing begun of material:  bon rua
		processing begun of material:  siver
		processing begun of material:  tu
		processing begun of material:  Material.008
			processing texture 
				texture type:  diffuseTexture, mapped using: "TEXCOORD_0"
			processing texture 
				texture type:  diffuseTexture, mapped using: "TEXCOORD_0"
			processing texture 
				texture type:  diffuseTexture, mapped using: "TEXCOORD_0"
			processing texture 
				texture type:  diffuseTexture, mapped using: "TEXCOORD_0"
			processing texture 
				texture type:  diffuseTexture, mapped using: "TEXCOORD_0"
			processing texture 
				texture type:  diffuseTexture, mapped using: "TEXCOORD_0"
		processing begun of multimaterial:  untitled.Multimaterial#0
		Custom split normals with tangents being used
		num positions      :  10945
		num normals        :  10945
		num tangents       :  43780
		num uvs            :  21890
		num uvs2           :  0
		num colors         :  0
		num indices        :  17022
		WARNING: # of 0 area faces found:  4
	processing begun of node:  Camera.003
	processing begun of node:  BezierCurve.001
	processing begun of mesh:  Cua_Vao
		processing begun of material:  basic_door:initialShadingGroup
		Custom split normals with tangents being used
		num positions      :  6913
		num normals        :  6913
		num tangents       :  27652
		num uvs            :  13826
		num uvs2           :  0
		num colors         :  0
		num indices        :  14448
	processing begun of mesh:  Tu lanh
		processing begun of material:  Material.055
		processing begun of material:  Material.029
		processing begun of material:  Material.031
========= An error was encountered =========
  File "C:\Users\ASUS\AppData\Roaming\Blender Foundation\Blender\2.80\scripts\addons\babylon_js\json_exporter.py", line 111, in execute
    mesh = Mesh(object, scene, self)
  File "C:\Users\ASUS\AppData\Roaming\Blender Foundation\Blender\2.80\scripts\addons\babylon_js\mesh.py", line 146, in __init__
    recipe = BakingRecipe(bpyMesh, exporter)
  File "C:\Users\ASUS\AppData\Roaming\Blender Foundation\Blender\2.80\scripts\addons\babylon_js\materials\baking_recipe.py", line 42, in __init__
    bjsMaterial = BJSMaterial(bpyMaterial, exporter)
  File "C:\Users\ASUS\AppData\Roaming\Blender Foundation\Blender\2.80\scripts\addons\babylon_js\materials\material.py", line 47, in __init__
    self.checkReadyOnlyOnce = mat.checkReadyOnlyOnce
ERROR:  'NoneType' object has no attribute 'checkReadyOnlyOnce'
========= end of processing =========
elapsed time:  0 min, 1.9302 secs
